<?xml version="1.0" encoding="UTF-8"?>
<!-- Generated by org.testng.reporters.JUnitReportReporter -->
<testsuite hostname="Bipuls-MacBook-Pro.local" failures="0" tests="3" name="com.revature.testRunner.TestRunner" time="5.204" errors="0" timestamp="2022-08-11T19:51:38 EDT" skipped="0">
  <testcase classname="com.revature.testRunner.TestRunner" name="runScenario" time="1.364"/>
  <system-out/>
  <testcase classname="com.revature.testRunner.TestRunner" name="runScenario" time="2.289"/>
  <system-out/>
  <testcase classname="com.revature.testRunner.TestRunner" name="runScenario" time="1.551"/>
  <system-out/>
</testsuite> <!-- com.revature.testRunner.TestRunner -->
