<?xml version="1.0" encoding="UTF-8"?>
<!-- Generated by org.testng.reporters.JUnitReportReporter -->
<testsuite hostname="Bipuls-MacBook-Pro.local" failures="0" tests="3" name="com.revature.testRunner.TestRunner" time="0.037" errors="0" timestamp="2022-08-10T19:18:26 EDT" skipped="0">
  <testcase classname="com.revature.testRunner.TestRunner" name="runScenario" time="0.032"/>
  <system-out/>
  <testcase classname="com.revature.testRunner.TestRunner" name="runScenario" time="0.003"/>
  <system-out/>
  <testcase classname="com.revature.testRunner.TestRunner" name="runScenario" time="0.002"/>
  <system-out/>
</testsuite> <!-- com.revature.testRunner.TestRunner -->
