<?xml version="1.0" encoding="UTF-8"?>
<!-- Generated by org.testng.reporters.JUnitReportReporter -->
<testsuite hostname="Bipuls-MacBook-Pro.local" failures="0" tests="3" name="com.revature.testRunner.TestRunner" time="10.577" errors="0" timestamp="2022-08-10T20:18:38 EDT" skipped="0">
  <testcase classname="com.revature.testRunner.TestRunner" name="runScenario" time="3.265"/>
  <system-out/>
  <testcase classname="com.revature.testRunner.TestRunner" name="runScenario" time="4.085"/>
  <system-out/>
  <testcase classname="com.revature.testRunner.TestRunner" name="runScenario" time="3.227"/>
  <system-out/>
</testsuite> <!-- com.revature.testRunner.TestRunner -->
