<?xml version="1.0" encoding="UTF-8"?>
<!-- Generated by org.testng.reporters.JUnitReportReporter -->
<testsuite hostname="Bipuls-MacBook-Pro.local" failures="0" tests="1" name="com.revature.testRunner.TestRunner" time="1.932" errors="0" timestamp="2022-08-10T22:12:55 EDT" skipped="0">
  <testcase classname="com.revature.testRunner.TestRunner" name="runScenario" time="1.932"/>
  <system-out/>
</testsuite> <!-- com.revature.testRunner.TestRunner -->
